#
# A fatal error has been detected by the Java Runtime Environment:
#
#  SIGSEGV (0xb) at pc=0x00007f5d51d650dc, pid=117778, tid=117791
#
# JRE version: OpenJDK Runtime Environment (11.0.16+8) (build 11.0.16+8-post-Ubuntu-0ubuntu122.04)
# Java VM: OpenJDK 64-Bit Server VM (11.0.16+8-post-Ubuntu-0ubuntu122.04, mixed mode, sharing, tiered, compressed oops, g1 gc, linux-amd64)
# Problematic frame:
# V  [libjvm.so+0xb650dc]
#
# Core dump will be written. Default location: Core dumps may be processed with "/usr/share/apport/apport -p%p -s%s -c%c -d%d -P%P -u%u -g%g -- %E" (or dumping to /home/geile/program/curso/RotaOnibus/core.117778)
#
# If you would like to submit a bug report, please visit:
#   https://bugs.launchpad.net/ubuntu/+source/openjdk-lts
#

---------------  S U M M A R Y ------------

Command Line: -agentlib:jdwp=transport=dt_socket,suspend=y,address=localhost:42841 -javaagent:/home/geile/eclipse/committers-2022-06/eclipse/configuration/org.eclipse.osgi/219/0/.cp/lib/javaagent-shaded.jar -Dfile.encoding=UTF-8 rotaOnibus.controller.Main

Host: Intel(R) Core(TM) i5-8265U CPU @ 1.60GHz, 8 cores, 7G, Pop!_OS 22.04 LTS
Time: Thu Nov 10 06:18:52 2022 -04 elapsed time: 13205.726478 seconds (0d 3h 40m 5s)

---------------  T H R E A D  ---------------

Current thread (0x00007f5d4c187800):  VMThread "VM Thread" [stack: 0x00007f5d24cf4000,0x00007f5d24df4000] [id=117791]

Stack: [0x00007f5d24cf4000,0x00007f5d24df4000],  sp=0x00007f5d24df2798,  free space=1017k
Native frames: (J=compiled Java code, A=aot compiled Java code, j=interpreted, Vv=VM code, C=native code)
V  [libjvm.so+0xb650dc]
V  [libjvm.so+0xb64e1c]
V  [libjvm.so+0xa1a21c]
V  [libjvm.so+0xea3e93]
V  [libjvm.so+0xea9e1c]
V  [libjvm.so+0xeaa43f]
V  [libjvm.so+0xeaa7a6]
V  [libjvm.so+0xe32860]
V  [libjvm.so+0xbf01ee]


siginfo: si_signo: 11 (SIGSEGV), si_code: 128 (SI_KERNEL), si_addr: 0x0000000000000000

Register to memory mapping:

RAX=0xb2007f5d5242a2d8 is an unknown value
RBX=0x00007f5d4c017000 is a thread
RCX=0x0000000000000001 is an unknown value
RDX=0x00007f5d4c1d5fe0 points into unknown readable memory: 0x00007f5d252495f0 | f0 95 24 25 5d 7f 00 00
RSP=0x00007f5d24df2798 points into unknown readable memory: 0x00007f5d52030ca7 | a7 0c 03 52 5d 7f 00 00
RBP=0x00007f5d24df27e0 points into unknown readable memory: 0x00007f5d24df2800 | 00 28 df 24 5d 7f 00 00
RSI=0x0000000000000001 is an unknown value
RDI=0x00007f5d252495f0 is pointing into metadata
R8 =0x0 is NULL
R9 =0x00000000ffffffff is an unallocated location in the heap
R10=0x00007ffd897d9080 points into unknown readable memory: 0x0000000102c8ee68 | 68 ee c8 02 01 00 00 00
R11=0x00007ffd897d9090 points into unknown readable memory: 0xffffffffffffffff | ff ff ff ff ff ff ff ff
R12=0x00007f5d51d650d0: <offset 0x0000000000b650d0> in /usr/lib/jvm/java-11-openjdk-amd64/lib/server/libjvm.so at 0x00007f5d51200000
R13=0x00007f5cf00848a0 points into unknown readable memory: 0x00007f5d4c017000 | 00 70 01 4c 5d 7f 00 00
R14=0x0000000000000001 is an unknown value
R15=0x0000000000000240 is an unknown value


Registers:
RAX=0xb2007f5d5242a2d8, RBX=0x00007f5d4c017000, RCX=0x0000000000000001, RDX=0x00007f5d4c1d5fe0
RSP=0x00007f5d24df2798, RBP=0x00007f5d24df27e0, RSI=0x0000000000000001, RDI=0x00007f5d252495f0
R8 =0x0000000000000000, R9 =0x00000000ffffffff, R10=0x00007ffd897d9080, R11=0x00007ffd897d9090
R12=0x00007f5d51d650d0, R13=0x00007f5cf00848a0, R14=0x0000000000000001, R15=0x0000000000000240
RIP=0x00007f5d51d650dc, EFLAGS=0x0000000000010202, CSGSFS=0x002b000000000033, ERR=0x0000000000000000
  TRAPNO=0x000000000000000d

Top of Stack: (sp=0x00007f5d24df2798)
0x00007f5d24df2798:   00007f5d52030ca7 00007f5d24df2848
0x00007f5d24df27a8:   00007f5cf0084900 00007f5d24df28b0
0x00007f5d24df27b8:   0000000000000001 00007f5d51d650d0
0x00007f5d24df27c8:   00007f5d24df2817 00007f5d24df2830 

Instructions: (pc=0x00007f5d51d650dc)
0x00007f5d51d64fdc:   80 00 02 00 00 48 c7 80 08 02 00 00 00 00 00 00
0x00007f5d51d64fec:   48 c7 80 10 02 00 00 00 00 00 00 5d c3 90 66 0f
0x00007f5d51d64ffc:   1f 44 00 00 f3 0f 1e fa 55 48 89 e5 53 48 89 fb
0x00007f5d51d6500c:   48 83 ec 08 48 8b 05 51 ee 72 00 48 85 c0 74 39
0x00007f5d51d6501c:   48 8b 90 00 02 00 00 48 8d 88 00 02 00 00 48 39
0x00007f5d51d6502c:   ca 74 11 48 89 1a 48 83 80 00 02 00 00 08 48 8b
0x00007f5d51d6503c:   5d f8 c9 c3 48 8b 15 31 ee 72 00 48 89 05 2a ee
0x00007f5d51d6504c:   72 00 48 89 90 08 02 00 00 48 8b 05 14 ee 72 00
0x00007f5d51d6505c:   48 85 c0 74 1f 48 8b 90 10 02 00 00 48 89 15 01
0x00007f5d51d6506c:   ee 72 00 48 8b 90 00 02 00 00 48 89 05 eb ed 72
0x00007f5d51d6507c:   00 eb b0 90 31 d2 be 07 00 00 00 bf 18 02 00 00
0x00007f5d51d6508c:   e8 1f 26 8a ff 48 85 c0 74 2a 48 89 80 00 02 00
0x00007f5d51d6509c:   00 48 89 c2 48 c7 80 08 02 00 00 00 00 00 00 48
0x00007f5d51d650ac:   c7 80 10 02 00 00 00 00 00 00 eb be 0f 1f 84 00
0x00007f5d51d650bc:   00 00 00 00 48 8b 14 25 00 02 00 00 eb ac 66 0f
0x00007f5d51d650cc:   1f 44 00 00 f3 0f 1e fa 48 8b 07 be 01 00 00 00
0x00007f5d51d650dc:   48 8b 40 68 ff e0 66 2e 0f 1f 84 00 00 00 00 00
0x00007f5d51d650ec:   0f 1f 40 00 55 31 c0 48 89 e5 41 55 49 89 f5 48
0x00007f5d51d650fc:   8d 35 89 d6 41 00 41 54 49 89 fc e8 24 6b 09 00
0x00007f5d51d6510c:   e8 ff 5d 08 00 48 8d 15 48 1e 6d 00 01 c0 48 98
0x00007f5d51d6511c:   48 8b 32 48 f7 d0 48 39 f0 0f 87 25 01 00 00 48
0x00007f5d51d6512c:   8d 35 6c d6 41 00 4c 89 e7 31 c0 e8 f4 6a 09 00
0x00007f5d51d6513c:   4c 89 e7 e8 ec 71 09 00 48 8d 05 21 a8 71 00 80
0x00007f5d51d6514c:   38 00 0f 84 dc 00 00 00 48 8d 35 4d d6 41 00 4c
0x00007f5d51d6515c:   89 e7 31 c0 e8 cb 6a 09 00 b9 ff ff ff ff 4c 89
0x00007f5d51d6516c:   ea 4c 89 e7 48 8d 05 e1 1d 6d 00 48 8b 30 e8 21
0x00007f5d51d6517c:   47 00 00 4c 89 e7 e8 a9 71 09 00 4c 89 e7 31 c0
0x00007f5d51d6518c:   48 8d 35 3f d6 41 00 e8 98 6a 09 00 b9 ff ff ff
0x00007f5d51d6519c:   ff 4c 89 ea 4c 89 e7 48 8d 05 be 1d 6d 00 48 8b
0x00007f5d51d651ac:   30 e8 ee 46 00 00 4c 89 e7 e8 76 71 09 00 48 8d
0x00007f5d51d651bc:   35 28 d6 41 00 4c 89 e7 31 c0 e8 65 6a 09 00 48
0x00007f5d51d651cc:   8b 35 36 ed 72 00 b9 ff ff ff ff 4c 89 ea 4c 89 


Stack slot to memory mapping:
stack at sp + 0 slots: 0x00007f5d52030ca7: <offset 0x0000000000e30ca7> in /usr/lib/jvm/java-11-openjdk-amd64/lib/server/libjvm.so at 0x00007f5d51200000
stack at sp + 1 slots: 0x00007f5d24df2848 points into unknown readable memory: 0x00007f5d18000ed0 | d0 0e 00 18 5d 7f 00 00
stack at sp + 2 slots: 0x00007f5cf0084900 points into unknown readable memory: 0x0000000000000000 | 00 00 00 00 00 00 00 00
stack at sp + 3 slots: 0x00007f5d24df28b0 points into unknown readable memory: 0x00007f5d4c16bf50 | 50 bf 16 4c 5d 7f 00 00
stack at sp + 4 slots: 0x0000000000000001 is an unknown value
stack at sp + 5 slots: 0x00007f5d51d650d0: <offset 0x0000000000b650d0> in /usr/lib/jvm/java-11-openjdk-amd64/lib/server/libjvm.so at 0x00007f5d51200000
stack at sp + 6 slots: 0x00007f5d24df2817 points into unknown readable memory: 00
stack at sp + 7 slots: 0x00007f5d24df2830 points into unknown readable memory: 0x00007f5d523805b0 | b0 05 38 52 5d 7f 00 00

VM_Operation (0x00007f5d243f08e0): RedefineClasses, mode: safepoint, requested by thread 0x00007f5d4c239800


---------------  P R O C E S S  ---------------

Threads class SMR info:
_java_thread_list=0x00007f5cf0000c40, length=12, elements={
0x00007f5d4c017000, 0x00007f5d4c18a000, 0x00007f5d4c18c800, 0x00007f5d4c192000,
0x00007f5d4c194000, 0x00007f5d4c196000, 0x00007f5d4c198000, 0x00007f5d4c19a000,
0x00007f5d4c1e7800, 0x00007f5d4c239800, 0x00007f5d4c23d800, 0x00007f5ce4001800
}

Java Threads: ( => current thread )
  0x00007f5d4c017000 JavaThread "main" [_thread_in_native, id=117784, stack(0x00007f5d52500000,0x00007f5d52600000)]
  0x00007f5d4c18a000 JavaThread "Reference Handler" daemon [_thread_blocked, id=117792, stack(0x00007f5d24bf2000,0x00007f5d24cf2000)]
  0x00007f5d4c18c800 JavaThread "Finalizer" daemon [_thread_blocked, id=117793, stack(0x00007f5d24af2000,0x00007f5d24bf2000)]
  0x00007f5d4c192000 JavaThread "Signal Dispatcher" daemon [_thread_blocked, id=117794, stack(0x00007f5d249f2000,0x00007f5d24af2000)]
  0x00007f5d4c194000 JavaThread "Service Thread" daemon [_thread_blocked, id=117795, stack(0x00007f5d248f2000,0x00007f5d249f2000)]
  0x00007f5d4c196000 JavaThread "C2 CompilerThread0" daemon [_thread_blocked, id=117796, stack(0x00007f5d247f2000,0x00007f5d248f2000)]
  0x00007f5d4c198000 JavaThread "C1 CompilerThread0" daemon [_thread_blocked, id=117797, stack(0x00007f5d246f2000,0x00007f5d247f2000)]
  0x00007f5d4c19a000 JavaThread "Sweeper thread" daemon [_thread_blocked, id=117798, stack(0x00007f5d245f2000,0x00007f5d246f2000)]
  0x00007f5d4c1e7800 JavaThread "Common-Cleaner" daemon [_thread_blocked, id=117799, stack(0x00007f5d244f2000,0x00007f5d245f2000)]
  0x00007f5d4c239800 JavaThread "JDWP Transport Listener: dt_socket" daemon [_thread_blocked, id=117802, stack(0x00007f5d242f2000,0x00007f5d243f2000)]
  0x00007f5d4c23d800 JavaThread "JDWP Event Helper Thread" daemon [_thread_blocked, id=117804, stack(0x00007f5d241f2000,0x00007f5d242f2000)]
  0x00007f5ce4001800 JavaThread "JDWP Command Reader" daemon [_thread_in_native, id=117806, stack(0x00007f5d240f2000,0x00007f5d241f2000)]

Other Threads:
=>0x00007f5d4c187800 VMThread "VM Thread" [stack: 0x00007f5d24cf4000,0x00007f5d24df4000] [id=117791]
  0x00007f5d4c2d6000 WatcherThread [stack: 0x00007f5d0af00000,0x00007f5d0b000000] [id=117809]
  0x00007f5d4c030800 GCTaskThread "GC Thread#0" [stack: 0x00007f5d50c15000,0x00007f5d50d15000] [id=117786]
  0x00007f5d4c062000 ConcurrentGCThread "G1 Main Marker" [stack: 0x00007f5d2c1d0000,0x00007f5d2c2d0000] [id=117787]
  0x00007f5d4c063800 ConcurrentGCThread "G1 Conc#0" [stack: 0x00007f5d2c0ce000,0x00007f5d2c1ce000] [id=117788]
  0x00007f5d4c0ec800 ConcurrentGCThread "G1 Refine#0" [stack: 0x00007f5d256f8000,0x00007f5d257f8000] [id=117789]
  0x00007f5d4c0ee800 ConcurrentGCThread "G1 Young RemSet Sampling" [stack: 0x00007f5d255f6000,0x00007f5d256f6000] [id=117790]

Threads with active compile tasks:

VM state:at safepoint (normal execution)

VM Mutex/Monitor currently owned by a thread:  ([mutex/lock_event])
[0x00007f5d4c014cd0] Threads_lock - owner thread: 0x00007f5d4c187800

Heap address: 0x0000000085a00000, size: 1958 MB, Compressed Oops mode: 32-bit
Narrow klass base: 0x0000000800000000, Narrow klass shift: 3
Compressed class space size: 1073741824 Address: 0x0000000840000000

Heap:
 garbage-first heap   total 129024K, used 6860K [0x0000000085a00000, 0x0000000100000000)
  region size 1024K, 7 young (7168K), 0 survivors (0K)
 Metaspace       used 3192K, capacity 5086K, committed 5376K, reserved 1056768K
  class space    used 295K, capacity 458K, committed 512K, reserved 1048576K
Heap Regions: E=young(eden), S=young(survivor), O=old, HS=humongous(starts), HC=humongous(continues), CS=collection set, F=free, A=archive, TAMS=top-at-mark-start (previous, next)
|   0|0x0000000085a00000, 0x0000000085a00000, 0x0000000085b00000|  0%| F|  |TAMS 0x0000000085a00000, 0x0000000085a00000| Untracked 
|   1|0x0000000085b00000, 0x0000000085b00000, 0x0000000085c00000|  0%| F|  |TAMS 0x0000000085b00000, 0x0000000085b00000| Untracked 
|   2|0x0000000085c00000, 0x0000000085c00000, 0x0000000085d00000|  0%| F|  |TAMS 0x0000000085c00000, 0x0000000085c00000| Untracked 
|   3|0x0000000085d00000, 0x0000000085d00000, 0x0000000085e00000|  0%| F|  |TAMS 0x0000000085d00000, 0x0000000085d00000| Untracked 
|   4|0x0000000085e00000, 0x0000000085e00000, 0x0000000085f00000|  0%| F|  |TAMS 0x0000000085e00000, 0x0000000085e00000| Untracked 
|   5|0x0000000085f00000, 0x0000000085f00000, 0x0000000086000000|  0%| F|  |TAMS 0x0000000085f00000, 0x0000000085f00000| Untracked 
|   6|0x0000000086000000, 0x0000000086000000, 0x0000000086100000|  0%| F|  |TAMS 0x0000000086000000, 0x0000000086000000| Untracked 
|   7|0x0000000086100000, 0x0000000086100000, 0x0000000086200000|  0%| F|  |TAMS 0x0000000086100000, 0x0000000086100000| Untracked 
|   8|0x0000000086200000, 0x0000000086200000, 0x0000000086300000|  0%| F|  |TAMS 0x0000000086200000, 0x0000000086200000| Untracked 
|   9|0x0000000086300000, 0x0000000086300000, 0x0000000086400000|  0%| F|  |TAMS 0x0000000086300000, 0x0000000086300000| Untracked 
|  10|0x0000000086400000, 0x0000000086400000, 0x0000000086500000|  0%| F|  |TAMS 0x0000000086400000, 0x0000000086400000| Untracked 
|  11|0x0000000086500000, 0x0000000086500000, 0x0000000086600000|  0%| F|  |TAMS 0x0000000086500000, 0x0000000086500000| Untracked 
|  12|0x0000000086600000, 0x0000000086600000, 0x0000000086700000|  0%| F|  |TAMS 0x0000000086600000, 0x0000000086600000| Untracked 
|  13|0x0000000086700000, 0x0000000086700000, 0x0000000086800000|  0%| F|  |TAMS 0x0000000086700000, 0x0000000086700000| Untracked 
|  14|0x0000000086800000, 0x0000000086800000, 0x0000000086900000|  0%| F|  |TAMS 0x0000000086800000, 0x0000000086800000| Untracked 
|  15|0x0000000086900000, 0x0000000086900000, 0x0000000086a00000|  0%| F|  |TAMS 0x0000000086900000, 0x0000000086900000| Untracked 
|  16|0x0000000086a00000, 0x0000000086a00000, 0x0000000086b00000|  0%| F|  |TAMS 0x0000000086a00000, 0x0000000086a00000| Untracked 
|  17|0x0000000086b00000, 0x0000000086b00000, 0x0000000086c00000|  0%| F|  |TAMS 0x0000000086b00000, 0x0000000086b00000| Untracked 
|  18|0x0000000086c00000, 0x0000000086c00000, 0x0000000086d00000|  0%| F|  |TAMS 0x0000000086c00000, 0x0000000086c00000| Untracked 
|  19|0x0000000086d00000, 0x0000000086d00000, 0x0000000086e00000|  0%| F|  |TAMS 0x0000000086d00000, 0x0000000086d00000| Untracked 
|  20|0x0000000086e00000, 0x0000000086e00000, 0x0000000086f00000|  0%| F|  |TAMS 0x0000000086e00000, 0x0000000086e00000| Untracked 
|  21|0x0000000086f00000, 0x0000000086f00000, 0x0000000087000000|  0%| F|  |TAMS 0x0000000086f00000, 0x0000000086f00000| Untracked 
|  22|0x0000000087000000, 0x0000000087000000, 0x0000000087100000|  0%| F|  |TAMS 0x0000000087000000, 0x0000000087000000| Untracked 
|  23|0x0000000087100000, 0x0000000087100000, 0x0000000087200000|  0%| F|  |TAMS 0x0000000087100000, 0x0000000087100000| Untracked 
|  24|0x0000000087200000, 0x0000000087200000, 0x0000000087300000|  0%| F|  |TAMS 0x0000000087200000, 0x0000000087200000| Untracked 
|  25|0x0000000087300000, 0x0000000087300000, 0x0000000087400000|  0%| F|  |TAMS 0x0000000087300000, 0x0000000087300000| Untracked 
|  26|0x0000000087400000, 0x0000000087400000, 0x0000000087500000|  0%| F|  |TAMS 0x0000000087400000, 0x0000000087400000| Untracked 
|  27|0x0000000087500000, 0x0000000087500000, 0x0000000087600000|  0%| F|  |TAMS 0x0000000087500000, 0x0000000087500000| Untracked 
|  28|0x0000000087600000, 0x0000000087600000, 0x0000000087700000|  0%| F|  |TAMS 0x0000000087600000, 0x0000000087600000| Untracked 
|  29|0x0000000087700000, 0x0000000087700000, 0x0000000087800000|  0%| F|  |TAMS 0x0000000087700000, 0x0000000087700000| Untracked 
|  30|0x0000000087800000, 0x0000000087800000, 0x0000000087900000|  0%| F|  |TAMS 0x0000000087800000, 0x0000000087800000| Untracked 
|  31|0x0000000087900000, 0x0000000087900000, 0x0000000087a00000|  0%| F|  |TAMS 0x0000000087900000, 0x0000000087900000| Untracked 
|  32|0x0000000087a00000, 0x0000000087a00000, 0x0000000087b00000|  0%| F|  |TAMS 0x0000000087a00000, 0x0000000087a00000| Untracked 
|  33|0x0000000087b00000, 0x0000000087b00000, 0x0000000087c00000|  0%| F|  |TAMS 0x0000000087b00000, 0x0000000087b00000| Untracked 
|  34|0x0000000087c00000, 0x0000000087c00000, 0x0000000087d00000|  0%| F|  |TAMS 0x0000000087c00000, 0x0000000087c00000| Untracked 
|  35|0x0000000087d00000, 0x0000000087d00000, 0x0000000087e00000|  0%| F|  |TAMS 0x0000000087d00000, 0x0000000087d00000| Untracked 
|  36|0x0000000087e00000, 0x0000000087e00000, 0x0000000087f00000|  0%| F|  |TAMS 0x0000000087e00000, 0x0000000087e00000| Untracked 
|  37|0x0000000087f00000, 0x0000000087f00000, 0x0000000088000000|  0%| F|  |TAMS 0x0000000087f00000, 0x0000000087f00000| Untracked 
|  38|0x0000000088000000, 0x0000000088000000, 0x0000000088100000|  0%| F|  |TAMS 0x0000000088000000, 0x0000000088000000| Untracked 
|  39|0x0000000088100000, 0x0000000088100000, 0x0000000088200000|  0%| F|  |TAMS 0x0000000088100000, 0x0000000088100000| Untracked 
|  40|0x0000000088200000, 0x0000000088200000, 0x0000000088300000|  0%| F|  |TAMS 0x0000000088200000, 0x0000000088200000| Untracked 
|  41|0x0000000088300000, 0x0000000088300000, 0x0000000088400000|  0%| F|  |TAMS 0x0000000088300000, 0x0000000088300000| Untracked 
|  42|0x0000000088400000, 0x0000000088400000, 0x0000000088500000|  0%| F|  |TAMS 0x0000000088400000, 0x0000000088400000| Untracked 
|  43|0x0000000088500000, 0x0000000088500000, 0x0000000088600000|  0%| F|  |TAMS 0x0000000088500000, 0x0000000088500000| Untracked 
|  44|0x0000000088600000, 0x0000000088600000, 0x0000000088700000|  0%| F|  |TAMS 0x0000000088600000, 0x0000000088600000| Untracked 
|  45|0x0000000088700000, 0x0000000088700000, 0x0000000088800000|  0%| F|  |TAMS 0x0000000088700000, 0x0000000088700000| Untracked 
|  46|0x0000000088800000, 0x0000000088800000, 0x0000000088900000|  0%| F|  |TAMS 0x0000000088800000, 0x0000000088800000| Untracked 
|  47|0x0000000088900000, 0x0000000088900000, 0x0000000088a00000|  0%| F|  |TAMS 0x0000000088900000, 0x0000000088900000| Untracked 
|  48|0x0000000088a00000, 0x0000000088a00000, 0x0000000088b00000|  0%| F|  |TAMS 0x0000000088a00000, 0x0000000088a00000| Untracked 
|  49|0x0000000088b00000, 0x0000000088b00000, 0x0000000088c00000|  0%| F|  |TAMS 0x0000000088b00000, 0x0000000088b00000| Untracked 
|  50|0x0000000088c00000, 0x0000000088c00000, 0x0000000088d00000|  0%| F|  |TAMS 0x0000000088c00000, 0x0000000088c00000| Untracked 
|  51|0x0000000088d00000, 0x0000000088d00000, 0x0000000088e00000|  0%| F|  |TAMS 0x0000000088d00000, 0x0000000088d00000| Untracked 
|  52|0x0000000088e00000, 0x0000000088e00000, 0x0000000088f00000|  0%| F|  |TAMS 0x0000000088e00000, 0x0000000088e00000| Untracked 
|  53|0x0000000088f00000, 0x0000000088f00000, 0x0000000089000000|  0%| F|  |TAMS 0x0000000088f00000, 0x0000000088f00000| Untracked 
|  54|0x0000000089000000, 0x0000000089000000, 0x0000000089100000|  0%| F|  |TAMS 0x0000000089000000, 0x0000000089000000| Untracked 
|  55|0x0000000089100000, 0x0000000089100000, 0x0000000089200000|  0%| F|  |TAMS 0x0000000089100000, 0x0000000089100000| Untracked 
|  56|0x0000000089200000, 0x0000000089200000, 0x0000000089300000|  0%| F|  |TAMS 0x0000000089200000, 0x0000000089200000| Untracked 
|  57|0x0000000089300000, 0x0000000089300000, 0x0000000089400000|  0%| F|  |TAMS 0x0000000089300000, 0x0000000089300000| Untracked 
|  58|0x0000000089400000, 0x0000000089400000, 0x0000000089500000|  0%| F|  |TAMS 0x0000000089400000, 0x0000000089400000| Untracked 
|  59|0x0000000089500000, 0x0000000089500000, 0x0000000089600000|  0%| F|  |TAMS 0x0000000089500000, 0x0000000089500000| Untracked 
|  60|0x0000000089600000, 0x0000000089600000, 0x0000000089700000|  0%| F|  |TAMS 0x0000000089600000, 0x0000000089600000| Untracked 
|  61|0x0000000089700000, 0x0000000089700000, 0x0000000089800000|  0%| F|  |TAMS 0x0000000089700000, 0x0000000089700000| Untracked 
|  62|0x0000000089800000, 0x0000000089800000, 0x0000000089900000|  0%| F|  |TAMS 0x0000000089800000, 0x0000000089800000| Untracked 
|  63|0x0000000089900000, 0x0000000089900000, 0x0000000089a00000|  0%| F|  |TAMS 0x0000000089900000, 0x0000000089900000| Untracked 
|  64|0x0000000089a00000, 0x0000000089a00000, 0x0000000089b00000|  0%| F|  |TAMS 0x0000000089a00000, 0x0000000089a00000| Untracked 
|  65|0x0000000089b00000, 0x0000000089b00000, 0x0000000089c00000|  0%| F|  |TAMS 0x0000000089b00000, 0x0000000089b00000| Untracked 
|  66|0x0000000089c00000, 0x0000000089c00000, 0x0000000089d00000|  0%| F|  |TAMS 0x0000000089c00000, 0x0000000089c00000| Untracked 
|  67|0x0000000089d00000, 0x0000000089d00000, 0x0000000089e00000|  0%| F|  |TAMS 0x0000000089d00000, 0x0000000089d00000| Untracked 
|  68|0x0000000089e00000, 0x0000000089e00000, 0x0000000089f00000|  0%| F|  |TAMS 0x0000000089e00000, 0x0000000089e00000| Untracked 
|  69|0x0000000089f00000, 0x0000000089f00000, 0x000000008a000000|  0%| F|  |TAMS 0x0000000089f00000, 0x0000000089f00000| Untracked 
|  70|0x000000008a000000, 0x000000008a000000, 0x000000008a100000|  0%| F|  |TAMS 0x000000008a000000, 0x000000008a000000| Untracked 
|  71|0x000000008a100000, 0x000000008a100000, 0x000000008a200000|  0%| F|  |TAMS 0x000000008a100000, 0x000000008a100000| Untracked 
|  72|0x000000008a200000, 0x000000008a200000, 0x000000008a300000|  0%| F|  |TAMS 0x000000008a200000, 0x000000008a200000| Untracked 
|  73|0x000000008a300000, 0x000000008a300000, 0x000000008a400000|  0%| F|  |TAMS 0x000000008a300000, 0x000000008a300000| Untracked 
|  74|0x000000008a400000, 0x000000008a400000, 0x000000008a500000|  0%| F|  |TAMS 0x000000008a400000, 0x000000008a400000| Untracked 
|  75|0x000000008a500000, 0x000000008a500000, 0x000000008a600000|  0%| F|  |TAMS 0x000000008a500000, 0x000000008a500000| Untracked 
|  76|0x000000008a600000, 0x000000008a600000, 0x000000008a700000|  0%| F|  |TAMS 0x000000008a600000, 0x000000008a600000| Untracked 
|  77|0x000000008a700000, 0x000000008a700000, 0x000000008a800000|  0%| F|  |TAMS 0x000000008a700000, 0x000000008a700000| Untracked 
|  78|0x000000008a800000, 0x000000008a800000, 0x000000008a900000|  0%| F|  |TAMS 0x000000008a800000, 0x000000008a800000| Untracked 
|  79|0x000000008a900000, 0x000000008a900000, 0x000000008aa00000|  0%| F|  |TAMS 0x000000008a900000, 0x000000008a900000| Untracked 
|  80|0x000000008aa00000, 0x000000008aa00000, 0x000000008ab00000|  0%| F|  |TAMS 0x000000008aa00000, 0x000000008aa00000| Untracked 
|  81|0x000000008ab00000, 0x000000008ab00000, 0x000000008ac00000|  0%| F|  |TAMS 0x000000008ab00000, 0x000000008ab00000| Untracked 
|  82|0x000000008ac00000, 0x000000008ac00000, 0x000000008ad00000|  0%| F|  |TAMS 0x000000008ac00000, 0x000000008ac00000| Untracked 
|  83|0x000000008ad00000, 0x000000008ad00000, 0x000000008ae00000|  0%| F|  |TAMS 0x000000008ad00000, 0x000000008ad00000| Untracked 
|  84|0x000000008ae00000, 0x000000008ae00000, 0x000000008af00000|  0%| F|  |TAMS 0x000000008ae00000, 0x000000008ae00000| Untracked 
|  85|0x000000008af00000, 0x000000008af00000, 0x000000008b000000|  0%| F|  |TAMS 0x000000008af00000, 0x000000008af00000| Untracked 
|  86|0x000000008b000000, 0x000000008b000000, 0x000000008b100000|  0%| F|  |TAMS 0x000000008b000000, 0x000000008b000000| Untracked 
|  87|0x000000008b100000, 0x000000008b100000, 0x000000008b200000|  0%| F|  |TAMS 0x000000008b100000, 0x000000008b100000| Untracked 
|  88|0x000000008b200000, 0x000000008b200000, 0x000000008b300000|  0%| F|  |TAMS 0x000000008b200000, 0x000000008b200000| Untracked 
|  89|0x000000008b300000, 0x000000008b300000, 0x000000008b400000|  0%| F|  |TAMS 0x000000008b300000, 0x000000008b300000| Untracked 
|  90|0x000000008b400000, 0x000000008b400000, 0x000000008b500000|  0%| F|  |TAMS 0x000000008b400000, 0x000000008b400000| Untracked 
|  91|0x000000008b500000, 0x000000008b500000, 0x000000008b600000|  0%| F|  |TAMS 0x000000008b500000, 0x000000008b500000| Untracked 
|  92|0x000000008b600000, 0x000000008b600000, 0x000000008b700000|  0%| F|  |TAMS 0x000000008b600000, 0x000000008b600000| Untracked 
|  93|0x000000008b700000, 0x000000008b700000, 0x000000008b800000|  0%| F|  |TAMS 0x000000008b700000, 0x000000008b700000| Untracked 
|  94|0x000000008b800000, 0x000000008b800000, 0x000000008b900000|  0%| F|  |TAMS 0x000000008b800000, 0x000000008b800000| Untracked 
|  95|0x000000008b900000, 0x000000008b900000, 0x000000008ba00000|  0%| F|  |TAMS 0x000000008b900000, 0x000000008b900000| Untracked 
|  96|0x000000008ba00000, 0x000000008ba00000, 0x000000008bb00000|  0%| F|  |TAMS 0x000000008ba00000, 0x000000008ba00000| Untracked 
|  97|0x000000008bb00000, 0x000000008bb00000, 0x000000008bc00000|  0%| F|  |TAMS 0x000000008bb00000, 0x000000008bb00000| Untracked 
|  98|0x000000008bc00000, 0x000000008bc00000, 0x000000008bd00000|  0%| F|  |TAMS 0x000000008bc00000, 0x000000008bc00000| Untracked 
|  99|0x000000008bd00000, 0x000000008bd00000, 0x000000008be00000|  0%| F|  |TAMS 0x000000008bd00000, 0x000000008bd00000| Untracked 
| 100|0x000000008be00000, 0x000000008be00000, 0x000000008bf00000|  0%| F|  |TAMS 0x000000008be00000, 0x000000008be00000| Untracked 
| 101|0x000000008bf00000, 0x000000008bf00000, 0x000000008c000000|  0%| F|  |TAMS 0x000000008bf00000, 0x000000008bf00000| Untracked 
| 102|0x000000008c000000, 0x000000008c000000, 0x000000008c100000|  0%| F|  |TAMS 0x000000008c000000, 0x000000008c000000| Untracked 
| 103|0x000000008c100000, 0x000000008c100000, 0x000000008c200000|  0%| F|  |TAMS 0x000000008c100000, 0x000000008c100000| Untracked 
| 104|0x000000008c200000, 0x000000008c200000, 0x000000008c300000|  0%| F|  |TAMS 0x000000008c200000, 0x000000008c200000| Untracked 
| 105|0x000000008c300000, 0x000000008c300000, 0x000000008c400000|  0%| F|  |TAMS 0x000000008c300000, 0x000000008c300000| Untracked 
| 106|0x000000008c400000, 0x000000008c400000, 0x000000008c500000|  0%| F|  |TAMS 0x000000008c400000, 0x000000008c400000| Untracked 
| 107|0x000000008c500000, 0x000000008c500000, 0x000000008c600000|  0%| F|  |TAMS 0x000000008c500000, 0x000000008c500000| Untracked 
| 108|0x000000008c600000, 0x000000008c600000, 0x000000008c700000|  0%| F|  |TAMS 0x000000008c600000, 0x000000008c600000| Untracked 
| 109|0x000000008c700000, 0x000000008c700000, 0x000000008c800000|  0%| F|  |TAMS 0x000000008c700000, 0x000000008c700000| Untracked 
| 110|0x000000008c800000, 0x000000008c800000, 0x000000008c900000|  0%| F|  |TAMS 0x000000008c800000, 0x000000008c800000| Untracked 
| 111|0x000000008c900000, 0x000000008c900000, 0x000000008ca00000|  0%| F|  |TAMS 0x000000008c900000, 0x000000008c900000| Untracked 
| 112|0x000000008ca00000, 0x000000008ca00000, 0x000000008cb00000|  0%| F|  |TAMS 0x000000008ca00000, 0x000000008ca00000| Untracked 
| 113|0x000000008cb00000, 0x000000008cb00000, 0x000000008cc00000|  0%| F|  |TAMS 0x000000008cb00000, 0x000000008cb00000| Untracked 
| 114|0x000000008cc00000, 0x000000008cc00000, 0x000000008cd00000|  0%| F|  |TAMS 0x000000008cc00000, 0x000000008cc00000| Untracked 
| 115|0x000000008cd00000, 0x000000008cd00000, 0x000000008ce00000|  0%| F|  |TAMS 0x000000008cd00000, 0x000000008cd00000| Untracked 
| 116|0x000000008ce00000, 0x000000008ce00000, 0x000000008cf00000|  0%| F|  |TAMS 0x000000008ce00000, 0x000000008ce00000| Untracked 
| 117|0x000000008cf00000, 0x000000008cff6aa0, 0x000000008d000000| 96%| E|  |TAMS 0x000000008cf00000, 0x000000008cf00000| Complete 
| 118|0x000000008d000000, 0x000000008d100000, 0x000000008d100000|100%| E|CS|TAMS 0x000000008d000000, 0x000000008d000000| Complete 
| 119|0x000000008d100000, 0x000000008d200000, 0x000000008d200000|100%| E|CS|TAMS 0x000000008d100000, 0x000000008d100000| Complete 
| 120|0x000000008d200000, 0x000000008d300000, 0x000000008d300000|100%| E|CS|TAMS 0x000000008d200000, 0x000000008d200000| Complete 
| 121|0x000000008d300000, 0x000000008d400000, 0x000000008d400000|100%| E|CS|TAMS 0x000000008d300000, 0x000000008d300000| Complete 
| 122|0x000000008d400000, 0x000000008d500000, 0x000000008d500000|100%| E|CS|TAMS 0x000000008d400000, 0x000000008d400000| Complete 
| 123|0x000000008d500000, 0x000000008d600000, 0x000000008d600000|100%| E|CS|TAMS 0x000000008d500000, 0x000000008d500000| Complete 
|1956|0x00000000ffe00000, 0x00000000ffe48000, 0x00000000fff00000| 28%|OA|  |TAMS 0x00000000ffe00000, 0x00000000ffe00000| Untracked 
|1957|0x00000000fff00000, 0x00000000fff6b000, 0x0000000100000000| 41%|CA|  |TAMS 0x00000000fff00000, 0x00000000fff00000| Untracked 

Card table byte_map: [0x00007f5d3442d000,0x00007f5d34800000] _byte_map_base: 0x00007f5d34000000

Marking Bits (Prev, Next): (CMBitMap*) 0x00007f5d4c059488, (CMBitMap*) 0x00007f5d4c0594c0
 Prev Bits: [0x00007f5d2e168000, 0x00007f5d30000000)
 Next Bits: [0x00007f5d2c2d0000, 0x00007f5d2e168000)

Polling page: 0x00007f5d528a8000

Metaspace:

Usage:
  Non-class:      4,52 MB capacity,     2,83 MB ( 63%) used,     1,69 MB ( 37%) free+waste,     4,62 KB ( <1%) overhead. 
      Class:    458,00 KB capacity,   295,27 KB ( 64%) used,   160,29 KB ( 35%) free+waste,     2,44 KB ( <1%) overhead. 
       Both:      4,97 MB capacity,     3,12 MB ( 63%) used,     1,84 MB ( 37%) free+waste,     7,06 KB ( <1%) overhead. 

Virtual space:
  Non-class space:        8,00 MB reserved,       4,75 MB ( 59%) committed 
      Class space:        1,00 GB reserved,     512,00 KB ( <1%) committed 
             Both:        1,01 GB reserved,       5,25 MB ( <1%) committed 

Chunk freelists:
   Non-Class:  28,00 KB
       Class:  0 bytes
        Both:  28,00 KB

MaxMetaspaceSize: unlimited
CompressedClassSpaceSize: 1,00 GB
Initial GC threshold: 20,80 MB
Current GC threshold: 20,80 MB
CDS: on

CodeHeap 'non-profiled nmethods': size=120032Kb used=139Kb max_used=139Kb free=119892Kb
 bounds [0x00007f5d3c2c8000, 0x00007f5d3c538000, 0x00007f5d43800000]
CodeHeap 'profiled nmethods': size=120028Kb used=652Kb max_used=652Kb free=119375Kb
 bounds [0x00007f5d34d91000, 0x00007f5d35001000, 0x00007f5d3c2c8000]
CodeHeap 'non-nmethods': size=5700Kb used=1177Kb max_used=1190Kb free=4522Kb
 bounds [0x00007f5d34800000, 0x00007f5d34a70000, 0x00007f5d34d91000]
 total_blobs=830 nmethods=466 adapters=286
 compilation: enabled
              stopped_count=0, restarted_count=0
 full_count=0

Compilation events (20 events):
Event: 1020,963 Thread 0x00007f5d4c196000  457       4       java.lang.StringUTF16::compress (50 bytes)
Event: 1020,972 Thread 0x00007f5d4c196000 nmethod 457 0x00007f5d3c2e9290 code [0x00007f5d3c2e9420, 0x00007f5d3c2e9858]
Event: 1035,483 Thread 0x00007f5d4c198000  458       3       org.eclipse.jdt.launching.internal.org.objectweb.asm.SymbolTable::addConstantUtf8Reference (20 bytes)
Event: 1035,483 Thread 0x00007f5d4c198000 nmethod 458 0x00007f5d34e31790 code [0x00007f5d34e31980, 0x00007f5d34e31d00]
Event: 1035,483 Thread 0x00007f5d4c198000  459       3       org.eclipse.jdt.launching.internal.org.objectweb.asm.SymbolTable::get (13 bytes)
Event: 1035,483 Thread 0x00007f5d4c198000 nmethod 459 0x00007f5d34e31f10 code [0x00007f5d34e320c0, 0x00007f5d34e32230]
Event: 1089,834 Thread 0x00007f5d4c196000  460       4       java.lang.StringLatin1::hashCode (42 bytes)
Event: 1089,834 Thread 0x00007f5d4c198000  461       1       org.eclipse.jdt.launching.internal.org.objectweb.asm.SymbolTable::getMajorVersion (5 bytes)
Event: 1089,835 Thread 0x00007f5d4c198000 nmethod 461 0x00007f5d3c2e9990 code [0x00007f5d3c2e9b40, 0x00007f5d3c2e9c10]
Event: 1089,838 Thread 0x00007f5d4c196000 nmethod 460 0x00007f5d3c2e9c90 code [0x00007f5d3c2e9e20, 0x00007f5d3c2e9f78]
Event: 2158,574 Thread 0x00007f5d4c198000  462       3       org.eclipse.jdt.launching.internal.org.objectweb.asm.SymbolTable::addConstantUtf8 (98 bytes)
Event: 2158,575 Thread 0x00007f5d4c198000 nmethod 462 0x00007f5d34e32310 code [0x00007f5d34e32560, 0x00007f5d34e32c10]
Event: 7148,826 Thread 0x00007f5d4c198000  463       1       org.eclipse.jdt.launching.internal.org.objectweb.asm.SymbolTable::getSource (5 bytes)
Event: 7148,827 Thread 0x00007f5d4c198000 nmethod 463 0x00007f5d3c2ea090 code [0x00007f5d3c2ea240, 0x00007f5d3c2ea310]
Event: 7213,521 Thread 0x00007f5d4c196000  464       4       org.eclipse.jdt.launching.internal.org.objectweb.asm.ClassReader::readUtf (161 bytes)
Event: 7213,521 Thread 0x00007f5d4c198000  465       3       org.eclipse.jdt.launching.internal.org.objectweb.asm.ClassReader::readClass (7 bytes)
Event: 7213,522 Thread 0x00007f5d4c198000 nmethod 465 0x00007f5d34e33010 code [0x00007f5d34e33200, 0x00007f5d34e336a0]
Event: 7213,523 Thread 0x00007f5d4c198000  466       3       org.eclipse.jdt.launching.internal.org.objectweb.asm.ClassReader::readStringish (16 bytes)
Event: 7213,524 Thread 0x00007f5d4c198000 nmethod 466 0x00007f5d34e33910 code [0x00007f5d34e33b00, 0x00007f5d34e33f40]
Event: 7213,540 Thread 0x00007f5d4c196000 nmethod 464 0x00007f5d3c2ea390 code [0x00007f5d3c2ea560, 0x00007f5d3c2eaa58]

GC Heap History (0 events):
No events

Deoptimization events (20 events):
Event: 0,265 Thread 0x00007f5d4c017000 DEOPT PACKING pc=0x00007f5d34e0841f sp=0x00007f5d525f9f20
Event: 0,265 Thread 0x00007f5d4c017000 DEOPT UNPACKING pc=0x00007f5d3484a64a sp=0x00007f5d525f93a8 mode 0
Event: 0,265 Thread 0x00007f5d4c017000 DEOPT PACKING pc=0x00007f5d34e0841f sp=0x00007f5d525f9f20
Event: 0,265 Thread 0x00007f5d4c017000 DEOPT UNPACKING pc=0x00007f5d3484a64a sp=0x00007f5d525f93a8 mode 0
Event: 0,266 Thread 0x00007f5d4c017000 DEOPT PACKING pc=0x00007f5d34e0841f sp=0x00007f5d525f9f20
Event: 0,266 Thread 0x00007f5d4c017000 DEOPT UNPACKING pc=0x00007f5d3484a64a sp=0x00007f5d525f93a8 mode 0
Event: 0,278 Thread 0x00007f5d4c017000 DEOPT PACKING pc=0x00007f5d34de2d95 sp=0x00007f5d525fd1a0
Event: 0,278 Thread 0x00007f5d4c017000 DEOPT UNPACKING pc=0x00007f5d3484a64a sp=0x00007f5d525fc658 mode 0
Event: 0,298 Thread 0x00007f5d4c017000 Uncommon trap: trap_request=0xffffff4d fr.pc=0x00007f5d3c2cf74c relative=0x00000000000001ac
Event: 0,298 Thread 0x00007f5d4c017000 Uncommon trap: reason=unstable_if action=reinterpret pc=0x00007f5d3c2cf74c method=java.lang.String.isLatin1()Z @ 10 c2
Event: 0,298 Thread 0x00007f5d4c017000 DEOPT PACKING pc=0x00007f5d3c2cf74c sp=0x00007f5d525f9410
Event: 0,298 Thread 0x00007f5d4c017000 DEOPT UNPACKING pc=0x00007f5d34849ea5 sp=0x00007f5d525f9370 mode 2
Event: 0,298 Thread 0x00007f5d4c017000 Uncommon trap: trap_request=0xffffff4d fr.pc=0x00007f5d3c2d0c8c relative=0x000000000000006c
Event: 0,298 Thread 0x00007f5d4c017000 Uncommon trap: reason=unstable_if action=reinterpret pc=0x00007f5d3c2d0c8c method=java.lang.String.isLatin1()Z @ 10 c2
Event: 0,298 Thread 0x00007f5d4c017000 DEOPT PACKING pc=0x00007f5d3c2d0c8c sp=0x00007f5d525f93b0
Event: 0,298 Thread 0x00007f5d4c017000 DEOPT UNPACKING pc=0x00007f5d34849ea5 sp=0x00007f5d525f9370 mode 2
Event: 0,304 Thread 0x00007f5d4c017000 Uncommon trap: trap_request=0xffffff4d fr.pc=0x00007f5d3c2d6e20 relative=0x0000000000000080
Event: 0,304 Thread 0x00007f5d4c017000 Uncommon trap: reason=unstable_if action=reinterpret pc=0x00007f5d3c2d6e20 method=java.lang.String.isLatin1()Z @ 10 c2
Event: 0,304 Thread 0x00007f5d4c017000 DEOPT PACKING pc=0x00007f5d3c2d6e20 sp=0x00007f5d525fe2d0
Event: 0,304 Thread 0x00007f5d4c017000 DEOPT UNPACKING pc=0x00007f5d34849ea5 sp=0x00007f5d525fe240 mode 2

Classes redefined (10 events):
Event: 256,819 Thread 0x00007f5d4c187800 redefined class name=rotaOnibus.controller.Main, count=1
Event: 932,081 Thread 0x00007f5d4c187800 redefined class name=rotaOnibus.controller.Main, count=2
Event: 9699,023 Thread 0x00007f5d4c187800 redefined class name=rotaOnibus.controller.Main, count=3
Event: 9983,890 Thread 0x00007f5d4c187800 redefined class name=rotaOnibus.controller.Main, count=4
Event: 11177,445 Thread 0x00007f5d4c187800 redefined class name=rotaOnibus.controller.Main, count=5
Event: 11345,148 Thread 0x00007f5d4c187800 redefined class name=rotaOnibus.controller.Main, count=6
Event: 11497,883 Thread 0x00007f5d4c187800 redefined class name=rotaOnibus.controller.Main, count=7
Event: 11662,357 Thread 0x00007f5d4c187800 redefined class name=rotaOnibus.controller.Main, count=8
Event: 11796,302 Thread 0x00007f5d4c187800 redefined class name=rotaOnibus.controller.Main, count=9
Event: 12030,193 Thread 0x00007f5d4c187800 redefined class name=rotaOnibus.controller.Main, count=10

Internal exceptions (1 events):
Event: 0,283 Thread 0x00007f5d4c017000 Exception <a 'java/lang/NoSuchMethodError'{0x000000008d1f7470}: 'int java.lang.invoke.DirectMethodHandle$Holder.invokeSpecialIFC(java.lang.Object, java.lang.Object, int)'> (0x000000008d1f7470) thrown at [./src/hotspot/share/interpreter/linkResolver.cpp, line 772]

Events (20 events):
Event: 11662,348 Executing VM operation: ChangeBreakpoints done
Event: 11662,356 Executing VM operation: RedefineClasses
Event: 11662,358 Executing VM operation: RedefineClasses done
Event: 11796,301 Executing VM operation: RedefineClasses
Event: 11796,303 Executing VM operation: RedefineClasses done
Event: 12030,191 Executing VM operation: RedefineClasses
Event: 12030,194 Executing VM operation: RedefineClasses done
Event: 12035,175 Executing VM operation: ChangeBreakpoints
Event: 12035,176 Executing VM operation: ChangeBreakpoints done
Event: 12111,638 Executing VM operation: ChangeBreakpoints
Event: 12111,638 Executing VM operation: ChangeBreakpoints done
Event: 12113,942 Executing VM operation: ChangeBreakpoints
Event: 12113,942 Executing VM operation: ChangeBreakpoints done
Event: 12113,943 Executing VM operation: ChangeBreakpoints
Event: 12113,943 Executing VM operation: ChangeBreakpoints done
Event: 13205,676 Executing VM operation: ChangeBreakpoints
Event: 13205,676 Executing VM operation: ChangeBreakpoints done
Event: 13205,677 Executing VM operation: ChangeBreakpoints
Event: 13205,677 Executing VM operation: ChangeBreakpoints done
Event: 13205,691 Executing VM operation: RedefineClasses


Dynamic libraries:
85a00000-8d600000 rw-p 00000000 00:00 0 
8d600000-ffe00000 ---p 00000000 00:00 0 
ffe00000-ffe48000 rw-p 00b0a000 08:03 28838993                           /usr/lib/jvm/java-11-openjdk-amd64/lib/server/classes.jsa
ffe48000-fff00000 rw-p 00000000 00:00 0 
fff00000-fff6b000 rw-p 00a9f000 08:03 28838993                           /usr/lib/jvm/java-11-openjdk-amd64/lib/server/classes.jsa
fff6b000-100000000 rw-p 00000000 00:00 0 
800000000-800002000 rwxp 00001000 08:03 28838993                         /usr/lib/jvm/java-11-openjdk-amd64/lib/server/classes.jsa
800002000-800a9e000 rw-p 00003000 08:03 28838993                         /usr/lib/jvm/java-11-openjdk-amd64/lib/server/classes.jsa
840000000-840080000 rw-p 00000000 00:00 0 
840080000-880000000 ---p 00000000 00:00 0 
5628b1f10000-5628b1f11000 r--p 00000000 08:03 28573856                   /usr/lib/jvm/java-11-openjdk-amd64/bin/java
5628b1f11000-5628b1f12000 r-xp 00001000 08:03 28573856                   /usr/lib/jvm/java-11-openjdk-amd64/bin/java
5628b1f12000-5628b1f13000 r--p 00002000 08:03 28573856                   /usr/lib/jvm/java-11-openjdk-amd64/bin/java
5628b1f13000-5628b1f14000 r--p 00002000 08:03 28573856                   /usr/lib/jvm/java-11-openjdk-amd64/bin/java
5628b1f14000-5628b1f15000 rw-p 00003000 08:03 28573856                   /usr/lib/jvm/java-11-openjdk-amd64/bin/java
5628b3dec000-5628b3e0d000 rw-p 00000000 00:00 0                          [heap]
7f5cdc000000-7f5cdc021000 rw-p 00000000 00:00 0 
7f5cdc021000-7f5ce0000000 ---p 00000000 00:00 0 
7f5ce0000000-7f5ce0021000 rw-p 00000000 00:00 0 
7f5ce0021000-7f5ce4000000 ---p 00000000 00:00 0 
7f5ce4000000-7f5ce4021000 rw-p 00000000 00:00 0 
7f5ce4021000-7f5ce8000000 ---p 00000000 00:00 0 
7f5ce8000000-7f5ce8021000 rw-p 00000000 00:00 0 
7f5ce8021000-7f5cec000000 ---p 00000000 00:00 0 
7f5cec000000-7f5cec021000 rw-p 00000000 00:00 0 
7f5cec021000-7f5cf0000000 ---p 00000000 00:00 0 
7f5cf0000000-7f5cf0138000 rw-p 00000000 00:00 0 
7f5cf0138000-7f5cf4000000 ---p 00000000 00:00 0 
7f5cf4000000-7f5cf40c5000 rw-p 00000000 00:00 0 
7f5cf40c5000-7f5cf8000000 ---p 00000000 00:00 0 
7f5cf8000000-7f5cf8021000 rw-p 00000000 00:00 0 
7f5cf8021000-7f5cfc000000 ---p 00000000 00:00 0 
7f5cfc000000-7f5cfc021000 rw-p 00000000 00:00 0 
7f5cfc021000-7f5d00000000 ---p 00000000 00:00 0 
7f5d00000000-7f5d0015e000 rw-p 00000000 00:00 0 
7f5d0015e000-7f5d04000000 ---p 00000000 00:00 0 
7f5d04000000-7f5d04021000 rw-p 00000000 00:00 0 
7f5d04021000-7f5d08000000 ---p 00000000 00:00 0 
7f5d0aefe000-7f5d0aeff000 ---p 00000000 00:00 0 
7f5d0aeff000-7f5d0b000000 rw-p 00000000 00:00 0 
7f5d0b000000-7f5d0bf06000 r--p 00000000 08:03 28708529                   /usr/lib/locale/locale-archive
7f5d0c000000-7f5d0c021000 rw-p 00000000 00:00 0 
7f5d0c021000-7f5d10000000 ---p 00000000 00:00 0 
7f5d10000000-7f5d10021000 rw-p 00000000 00:00 0 
7f5d10021000-7f5d14000000 ---p 00000000 00:00 0 
7f5d14000000-7f5d14021000 rw-p 00000000 00:00 0 
7f5d14021000-7f5d18000000 ---p 00000000 00:00 0 
7f5d18000000-7f5d18021000 rw-p 00000000 00:00 0 
7f5d18021000-7f5d1c000000 ---p 00000000 00:00 0 
7f5d1c000000-7f5d1c021000 rw-p 00000000 00:00 0 
7f5d1c021000-7f5d20000000 ---p 00000000 00:00 0 
7f5d20000000-7f5d20021000 rw-p 00000000 00:00 0 
7f5d20021000-7f5d24000000 ---p 00000000 00:00 0 
7f5d240f2000-7f5d240f6000 ---p 00000000 00:00 0 
7f5d240f6000-7f5d241f2000 rw-p 00000000 00:00 0 
7f5d241f2000-7f5d241f6000 ---p 00000000 00:00 0 
7f5d241f6000-7f5d242f2000 rw-p 00000000 00:00 0 
7f5d242f2000-7f5d242f6000 ---p 00000000 00:00 0 
7f5d242f6000-7f5d243f2000 rw-p 00000000 00:00 0 
7f5d243f2000-7f5d243f6000 ---p 00000000 00:00 0 
7f5d243f6000-7f5d244f2000 rw-p 00000000 00:00 0 
7f5d244f2000-7f5d244f6000 ---p 00000000 00:00 0 
7f5d244f6000-7f5d245f2000 rw-p 00000000 00:00 0 
7f5d245f2000-7f5d245f6000 ---p 00000000 00:00 0 
7f5d245f6000-7f5d246f2000 rw-p 00000000 00:00 0 
7f5d246f2000-7f5d246f6000 ---p 00000000 00:00 0 
7f5d246f6000-7f5d247f2000 rw-p 00000000 00:00 0 
7f5d247f2000-7f5d247f6000 ---p 00000000 00:00 0 
7f5d247f6000-7f5d248f2000 rw-p 00000000 00:00 0 
7f5d248f2000-7f5d248f6000 ---p 00000000 00:00 0 
7f5d248f6000-7f5d249f2000 rw-p 00000000 00:00 0 
7f5d249f2000-7f5d249f6000 ---p 00000000 00:00 0 
7f5d249f6000-7f5d24af2000 rw-p 00000000 00:00 0 
7f5d24af2000-7f5d24af6000 ---p 00000000 00:00 0 
7f5d24af6000-7f5d24bf2000 rw-p 00000000 00:00 0 
7f5d24bf2000-7f5d24bf6000 ---p 00000000 00:00 0 
7f5d24bf6000-7f5d24cf2000 rw-p 00000000 00:00 0 
7f5d24cf2000-7f5d24cf3000 ---p 00000000 00:00 0 
7f5d24cf3000-7f5d252b4000 rw-p 00000000 00:00 0 
7f5d252b4000-7f5d255f4000 ---p 00000000 00:00 0 
7f5d255f4000-7f5d255f5000 ---p 00000000 00:00 0 
7f5d255f5000-7f5d256f6000 rw-p 00000000 00:00 0 
7f5d256f6000-7f5d256f7000 ---p 00000000 00:00 0 
7f5d256f7000-7f5d28000000 rw-p 00000000 00:00 0 
7f5d28000000-7f5d28021000 rw-p 00000000 00:00 0 
7f5d28021000-7f5d2c000000 ---p 00000000 00:00 0 
7f5d2c04b000-7f5d2c0cc000 rw-p 00000000 00:00 0 
7f5d2c0cc000-7f5d2c0cd000 ---p 00000000 00:00 0 
7f5d2c0cd000-7f5d2c1ce000 rw-p 00000000 00:00 0 
7f5d2c1ce000-7f5d2c1cf000 ---p 00000000 00:00 0 
7f5d2c1cf000-7f5d2c4c0000 rw-p 00000000 00:00 0 
7f5d2c4c0000-7f5d2e160000 ---p 00000000 00:00 0 
7f5d2e160000-7f5d2e358000 rw-p 00000000 00:00 0 
7f5d2e358000-7f5d2fff8000 ---p 00000000 00:00 0 
7f5d2fff8000-7f5d30000000 rw-p 00000000 00:00 0 
7f5d30000000-7f5d30021000 rw-p 00000000 00:00 0 
7f5d30021000-7f5d34000000 ---p 00000000 00:00 0 
7f5d3405a000-7f5d34098000 rw-p 00000000 00:00 0 
7f5d34098000-7f5d3442c000 ---p 00000000 00:00 0 
7f5d3442c000-7f5d3446b000 rw-p 00000000 00:00 0 
7f5d3446b000-7f5d347ff000 ---p 00000000 00:00 0 
7f5d347ff000-7f5d34800000 rw-p 00000000 00:00 0 
7f5d34800000-7f5d34a70000 rwxp 00000000 00:00 0 
7f5d34a70000-7f5d34d91000 ---p 00000000 00:00 0 
7f5d34d91000-7f5d35001000 rwxp 00000000 00:00 0 
7f5d35001000-7f5d3c2c8000 ---p 00000000 00:00 0 
7f5d3c2c8000-7f5d3c538000 rwxp 00000000 00:00 0 
7f5d3c538000-7f5d43800000 ---p 00000000 00:00 0 
7f5d43800000-7f5d4bfef000 r--s 00000000 08:03 28838770                   /usr/lib/jvm/java-11-openjdk-amd64/lib/modules
7f5d4c000000-7f5d4c39f000 rw-p 00000000 00:00 0 
7f5d4c39f000-7f5d50000000 ---p 00000000 00:00 0 
7f5d50038000-7f5d50076000 rw-p 00000000 00:00 0 
7f5d50076000-7f5d5040a000 ---p 00000000 00:00 0 
7f5d5040a000-7f5d50c13000 rw-p 00000000 00:00 0 
7f5d50c13000-7f5d50c14000 ---p 00000000 00:00 0 
7f5d50c14000-7f5d50d1a000 rw-p 00000000 00:00 0 
7f5d50d1a000-7f5d50e00000 ---p 00000000 00:00 0 
7f5d50e00000-7f5d50e9a000 r--p 00000000 08:03 29234989                   /usr/lib/x86_64-linux-gnu/libstdc++.so.6.0.30
7f5d50e9a000-7f5d50fab000 r-xp 0009a000 08:03 29234989                   /usr/lib/x86_64-linux-gnu/libstdc++.so.6.0.30
7f5d50fab000-7f5d5101b000 r--p 001ab000 08:03 29234989                   /usr/lib/x86_64-linux-gnu/libstdc++.so.6.0.30
7f5d5101b000-7f5d51026000 r--p 0021a000 08:03 29234989                   /usr/lib/x86_64-linux-gnu/libstdc++.so.6.0.30
7f5d51026000-7f5d51029000 rw-p 00225000 08:03 29234989                   /usr/lib/x86_64-linux-gnu/libstdc++.so.6.0.30
7f5d51029000-7f5d5102c000 rw-p 00000000 00:00 0 
7f5d5103b000-7f5d5111a000 rw-p 00000000 00:00 0 
7f5d5111a000-7f5d51200000 ---p 00000000 00:00 0 
7f5d51200000-7f5d51482000 r--p 00000000 08:03 28838775                   /usr/lib/jvm/java-11-openjdk-amd64/lib/server/libjvm.so
7f5d51482000-7f5d52114000 r-xp 00282000 08:03 28838775                   /usr/lib/jvm/java-11-openjdk-amd64/lib/server/libjvm.so
7f5d52114000-7f5d5236d000 r--p 00f14000 08:03 28838775                   /usr/lib/jvm/java-11-openjdk-amd64/lib/server/libjvm.so
7f5d5236d000-7f5d52431000 r--p 0116c000 08:03 28838775                   /usr/lib/jvm/java-11-openjdk-amd64/lib/server/libjvm.so
7f5d52431000-7f5d5246c000 rw-p 01230000 08:03 28838775                   /usr/lib/jvm/java-11-openjdk-amd64/lib/server/libjvm.so
7f5d5246c000-7f5d524c3000 rw-p 00000000 00:00 0 
7f5d524d4000-7f5d524d8000 r--p 00000000 08:03 28838760                   /usr/lib/jvm/java-11-openjdk-amd64/lib/libnet.so
7f5d524d8000-7f5d524e6000 r-xp 00004000 08:03 28838760                   /usr/lib/jvm/java-11-openjdk-amd64/lib/libnet.so
7f5d524e6000-7f5d524ea000 r--p 00012000 08:03 28838760                   /usr/lib/jvm/java-11-openjdk-amd64/lib/libnet.so
7f5d524ea000-7f5d524eb000 r--p 00015000 08:03 28838760                   /usr/lib/jvm/java-11-openjdk-amd64/lib/libnet.so
7f5d524eb000-7f5d524ec000 rw-p 00016000 08:03 28838760                   /usr/lib/jvm/java-11-openjdk-amd64/lib/libnet.so
7f5d524ec000-7f5d524f3000 r--p 00000000 08:03 28838761                   /usr/lib/jvm/java-11-openjdk-amd64/lib/libnio.so
7f5d524f3000-7f5d524fb000 r-xp 00007000 08:03 28838761                   /usr/lib/jvm/java-11-openjdk-amd64/lib/libnio.so
7f5d524fb000-7f5d524fe000 r--p 0000f000 08:03 28838761                   /usr/lib/jvm/java-11-openjdk-amd64/lib/libnio.so
7f5d524fe000-7f5d524ff000 r--p 00011000 08:03 28838761                   /usr/lib/jvm/java-11-openjdk-amd64/lib/libnio.so
7f5d524ff000-7f5d52500000 rw-p 00012000 08:03 28838761                   /usr/lib/jvm/java-11-openjdk-amd64/lib/libnio.so
7f5d52500000-7f5d52504000 ---p 00000000 00:00 0 
7f5d52504000-7f5d52600000 rw-p 00000000 00:00 0 
7f5d52600000-7f5d52628000 r--p 00000000 08:03 29233706                   /usr/lib/x86_64-linux-gnu/libc.so.6
7f5d52628000-7f5d527bd000 r-xp 00028000 08:03 29233706                   /usr/lib/x86_64-linux-gnu/libc.so.6
7f5d527bd000-7f5d52815000 r--p 001bd000 08:03 29233706                   /usr/lib/x86_64-linux-gnu/libc.so.6
7f5d52815000-7f5d52819000 r--p 00214000 08:03 29233706                   /usr/lib/x86_64-linux-gnu/libc.so.6
7f5d52819000-7f5d5281b000 rw-p 00218000 08:03 29233706                   /usr/lib/x86_64-linux-gnu/libc.so.6
7f5d5281b000-7f5d52828000 rw-p 00000000 00:00 0 
7f5d5282b000-7f5d5282d000 r--p 00000000 08:03 28838741                   /usr/lib/jvm/java-11-openjdk-amd64/lib/libdt_socket.so
7f5d5282d000-7f5d52830000 r-xp 00002000 08:03 28838741                   /usr/lib/jvm/java-11-openjdk-amd64/lib/libdt_socket.so
7f5d52830000-7f5d52831000 r--p 00005000 08:03 28838741                   /usr/lib/jvm/java-11-openjdk-amd64/lib/libdt_socket.so
7f5d52831000-7f5d52832000 ---p 00006000 08:03 28838741                   /usr/lib/jvm/java-11-openjdk-amd64/lib/libdt_socket.so
7f5d52832000-7f5d52833000 r--p 00006000 08:03 28838741                   /usr/lib/jvm/java-11-openjdk-amd64/lib/libdt_socket.so
7f5d52833000-7f5d52834000 rw-p 00007000 08:03 28838741                   /usr/lib/jvm/java-11-openjdk-amd64/lib/libdt_socket.so
7f5d52834000-7f5d5283b000 r--s 00000000 08:03 29232661                   /usr/lib/x86_64-linux-gnu/gconv/gconv-modules.cache
7f5d5283b000-7f5d52840000 rw-p 00000000 00:00 0 
7f5d52840000-7f5d52847000 ---p 00000000 00:00 0 
7f5d52847000-7f5d52849000 r--s 0000c000 08:03 30802152                   /usr/share/java/java-atk-wrapper.jar
7f5d52849000-7f5d5284b000 r--p 00000000 08:03 28838769                   /usr/lib/jvm/java-11-openjdk-amd64/lib/libzip.so
7f5d5284b000-7f5d52850000 r-xp 00002000 08:03 28838769                   /usr/lib/jvm/java-11-openjdk-amd64/lib/libzip.so
7f5d52850000-7f5d52852000 r--p 00007000 08:03 28838769                   /usr/lib/jvm/java-11-openjdk-amd64/lib/libzip.so
7f5d52852000-7f5d52853000 r--p 00008000 08:03 28838769                   /usr/lib/jvm/java-11-openjdk-amd64/lib/libzip.so
7f5d52853000-7f5d52854000 rw-p 00009000 08:03 28838769                   /usr/lib/jvm/java-11-openjdk-amd64/lib/libzip.so
7f5d52854000-7f5d5285c000 rw-s 00000000 08:03 27001095                   /tmp/hsperfdata_geile/117778
7f5d5285c000-7f5d5285e000 r--p 00000000 08:03 28838744                   /usr/lib/jvm/java-11-openjdk-amd64/lib/libinstrument.so
7f5d5285e000-7f5d52865000 r-xp 00002000 08:03 28838744                   /usr/lib/jvm/java-11-openjdk-amd64/lib/libinstrument.so
7f5d52865000-7f5d52868000 r--p 00009000 08:03 28838744                   /usr/lib/jvm/java-11-openjdk-amd64/lib/libinstrument.so
7f5d52868000-7f5d52869000 r--p 0000b000 08:03 28838744                   /usr/lib/jvm/java-11-openjdk-amd64/lib/libinstrument.so
7f5d52869000-7f5d5286a000 rw-p 0000c000 08:03 28838744                   /usr/lib/jvm/java-11-openjdk-amd64/lib/libinstrument.so
7f5d5286a000-7f5d5286c000 r--p 00000000 08:03 28838751                   /usr/lib/jvm/java-11-openjdk-amd64/lib/libjdwp.so
7f5d5286c000-7f5d52898000 r-xp 00002000 08:03 28838751                   /usr/lib/jvm/java-11-openjdk-amd64/lib/libjdwp.so
7f5d52898000-7f5d528a6000 r--p 0002e000 08:03 28838751                   /usr/lib/jvm/java-11-openjdk-amd64/lib/libjdwp.so
7f5d528a6000-7f5d528a7000 r--p 0003b000 08:03 28838751                   /usr/lib/jvm/java-11-openjdk-amd64/lib/libjdwp.so
7f5d528a7000-7f5d528a8000 rw-p 0003c000 08:03 28838751                   /usr/lib/jvm/java-11-openjdk-amd64/lib/libjdwp.so
7f5d528a8000-7f5d528a9000 ---p 00000000 00:00 0 
7f5d528a9000-7f5d528aa000 r--p 00000000 00:00 0 
7f5d528aa000-7f5d528ac000 r--p 00000000 08:03 28838752                   /usr/lib/jvm/java-11-openjdk-amd64/lib/libjimage.so
7f5d528ac000-7f5d528af000 r-xp 00002000 08:03 28838752                   /usr/lib/jvm/java-11-openjdk-amd64/lib/libjimage.so
7f5d528af000-7f5d528b0000 r--p 00005000 08:03 28838752                   /usr/lib/jvm/java-11-openjdk-amd64/lib/libjimage.so
7f5d528b0000-7f5d528b1000 ---p 00006000 08:03 28838752                   /usr/lib/jvm/java-11-openjdk-amd64/lib/libjimage.so
7f5d528b1000-7f5d528b2000 r--p 00006000 08:03 28838752                   /usr/lib/jvm/java-11-openjdk-amd64/lib/libjimage.so
7f5d528b2000-7f5d528b3000 rw-p 00007000 08:03 28838752                   /usr/lib/jvm/java-11-openjdk-amd64/lib/libjimage.so
7f5d528b3000-7f5d528c0000 r--p 00000000 08:03 28838749                   /usr/lib/jvm/java-11-openjdk-amd64/lib/libjava.so
7f5d528c0000-7f5d528d6000 r-xp 0000d000 08:03 28838749                   /usr/lib/jvm/java-11-openjdk-amd64/lib/libjava.so
7f5d528d6000-7f5d528dd000 r--p 00023000 08:03 28838749                   /usr/lib/jvm/java-11-openjdk-amd64/lib/libjava.so
7f5d528dd000-7f5d528de000 r--p 00029000 08:03 28838749                   /usr/lib/jvm/java-11-openjdk-amd64/lib/libjava.so
7f5d528de000-7f5d528df000 rw-p 0002a000 08:03 28838749                   /usr/lib/jvm/java-11-openjdk-amd64/lib/libjava.so
7f5d528df000-7f5d528e0000 rw-p 00000000 00:00 0 
7f5d528e0000-7f5d528e1000 r--p 00000000 08:03 29234891                   /usr/lib/x86_64-linux-gnu/librt.so.1
7f5d528e1000-7f5d528e2000 r-xp 00001000 08:03 29234891                   /usr/lib/x86_64-linux-gnu/librt.so.1
7f5d528e2000-7f5d528e3000 r--p 00002000 08:03 29234891                   /usr/lib/x86_64-linux-gnu/librt.so.1
7f5d528e3000-7f5d528e4000 r--p 00002000 08:03 29234891                   /usr/lib/x86_64-linux-gnu/librt.so.1
7f5d528e4000-7f5d528e5000 rw-p 00003000 08:03 29234891                   /usr/lib/x86_64-linux-gnu/librt.so.1
7f5d528e5000-7f5d528e8000 r--p 00000000 08:03 29234034                   /usr/lib/x86_64-linux-gnu/libgcc_s.so.1
7f5d528e8000-7f5d528ff000 r-xp 00003000 08:03 29234034                   /usr/lib/x86_64-linux-gnu/libgcc_s.so.1
7f5d528ff000-7f5d52903000 r--p 0001a000 08:03 29234034                   /usr/lib/x86_64-linux-gnu/libgcc_s.so.1
7f5d52903000-7f5d52904000 r--p 0001d000 08:03 29234034                   /usr/lib/x86_64-linux-gnu/libgcc_s.so.1
7f5d52904000-7f5d52905000 rw-p 0001e000 08:03 29234034                   /usr/lib/x86_64-linux-gnu/libgcc_s.so.1
7f5d52905000-7f5d52913000 r--p 00000000 08:03 29234495                   /usr/lib/x86_64-linux-gnu/libm.so.6
7f5d52913000-7f5d5298f000 r-xp 0000e000 08:03 29234495                   /usr/lib/x86_64-linux-gnu/libm.so.6
7f5d5298f000-7f5d529ea000 r--p 0008a000 08:03 29234495                   /usr/lib/x86_64-linux-gnu/libm.so.6
7f5d529ea000-7f5d529eb000 r--p 000e4000 08:03 29234495                   /usr/lib/x86_64-linux-gnu/libm.so.6
7f5d529eb000-7f5d529ec000 rw-p 000e5000 08:03 29234495                   /usr/lib/x86_64-linux-gnu/libm.so.6
7f5d529ec000-7f5d529ee000 rw-p 00000000 00:00 0 
7f5d529ee000-7f5d529f0000 r--p 00000000 08:03 29235291                   /usr/lib/x86_64-linux-gnu/libz.so.1.2.11
7f5d529f0000-7f5d52a01000 r-xp 00002000 08:03 29235291                   /usr/lib/x86_64-linux-gnu/libz.so.1.2.11
7f5d52a01000-7f5d52a07000 r--p 00013000 08:03 29235291                   /usr/lib/x86_64-linux-gnu/libz.so.1.2.11
7f5d52a07000-7f5d52a08000 ---p 00019000 08:03 29235291                   /usr/lib/x86_64-linux-gnu/libz.so.1.2.11
7f5d52a08000-7f5d52a09000 r--p 00019000 08:03 29235291                   /usr/lib/x86_64-linux-gnu/libz.so.1.2.11
7f5d52a09000-7f5d52a0a000 rw-p 0001a000 08:03 29235291                   /usr/lib/x86_64-linux-gnu/libz.so.1.2.11
7f5d52a0a000-7f5d52a0f000 r--p 00000000 08:03 28838768                   /usr/lib/jvm/java-11-openjdk-amd64/lib/libverify.so
7f5d52a0f000-7f5d52a16000 r-xp 00005000 08:03 28838768                   /usr/lib/jvm/java-11-openjdk-amd64/lib/libverify.so
7f5d52a16000-7f5d52a18000 r--p 0000c000 08:03 28838768                   /usr/lib/jvm/java-11-openjdk-amd64/lib/libverify.so
7f5d52a18000-7f5d52a1a000 r--p 0000d000 08:03 28838768                   /usr/lib/jvm/java-11-openjdk-amd64/lib/libverify.so
7f5d52a1a000-7f5d52a1b000 rw-p 0000f000 08:03 28838768                   /usr/lib/jvm/java-11-openjdk-amd64/lib/libverify.so
7f5d52a1b000-7f5d52a1e000 r--p 00000000 08:03 28838734                   /usr/lib/jvm/java-11-openjdk-amd64/lib/jli/libjli.so
7f5d52a1e000-7f5d52a28000 r-xp 00003000 08:03 28838734                   /usr/lib/jvm/java-11-openjdk-amd64/lib/jli/libjli.so
7f5d52a28000-7f5d52a2b000 r--p 0000d000 08:03 28838734                   /usr/lib/jvm/java-11-openjdk-amd64/lib/jli/libjli.so
7f5d52a2b000-7f5d52a2c000 ---p 00010000 08:03 28838734                   /usr/lib/jvm/java-11-openjdk-amd64/lib/jli/libjli.so
7f5d52a2c000-7f5d52a2d000 r--p 00010000 08:03 28838734                   /usr/lib/jvm/java-11-openjdk-amd64/lib/jli/libjli.so
7f5d52a2d000-7f5d52a2e000 rw-p 00011000 08:03 28838734                   /usr/lib/jvm/java-11-openjdk-amd64/lib/jli/libjli.so
7f5d52a2e000-7f5d52a30000 rw-p 00000000 00:00 0 
7f5d52a30000-7f5d52a32000 r--p 00000000 08:03 29233185                   /usr/lib/x86_64-linux-gnu/ld-linux-x86-64.so.2
7f5d52a32000-7f5d52a5c000 r-xp 00002000 08:03 29233185                   /usr/lib/x86_64-linux-gnu/ld-linux-x86-64.so.2
7f5d52a5c000-7f5d52a67000 r--p 0002c000 08:03 29233185                   /usr/lib/x86_64-linux-gnu/ld-linux-x86-64.so.2
7f5d52a68000-7f5d52a6a000 r--p 00037000 08:03 29233185                   /usr/lib/x86_64-linux-gnu/ld-linux-x86-64.so.2
7f5d52a6a000-7f5d52a6c000 rw-p 00039000 08:03 29233185                   /usr/lib/x86_64-linux-gnu/ld-linux-x86-64.so.2
7ffd896bd000-7ffd896de000 rw-p 00000000 00:00 0                          [stack]
7ffd897d9000-7ffd897dd000 r--p 00000000 00:00 0                          [vvar]
7ffd897dd000-7ffd897df000 r-xp 00000000 00:00 0                          [vdso]
ffffffffff600000-ffffffffff601000 --xp 00000000 00:00 0                  [vsyscall]


VM Arguments:
jvm_args: -agentlib:jdwp=transport=dt_socket,suspend=y,address=localhost:42841 -javaagent:/home/geile/eclipse/committers-2022-06/eclipse/configuration/org.eclipse.osgi/219/0/.cp/lib/javaagent-shaded.jar -Dfile.encoding=UTF-8 
java_command: rotaOnibus.controller.Main
java_class_path (initial): /home/geile/program/curso/RotaOnibus/bin
Launcher Type: SUN_STANDARD

[Global flags]
     intx CICompilerCount                          = 4                                         {product} {ergonomic}
     uint ConcGCThreads                            = 2                                         {product} {ergonomic}
     uint G1ConcRefinementThreads                  = 8                                         {product} {ergonomic}
   size_t G1HeapRegionSize                         = 1048576                                   {product} {ergonomic}
    uintx GCDrainStackTargetSize                   = 64                                        {product} {ergonomic}
   size_t InitialHeapSize                          = 130023424                                 {product} {ergonomic}
   size_t MarkStackSize                            = 4194304                                   {product} {ergonomic}
   size_t MaxHeapSize                              = 2053111808                                {product} {ergonomic}
   size_t MaxNewSize                               = 1231028224                                {product} {ergonomic}
   size_t MinHeapDeltaBytes                        = 1048576                                   {product} {ergonomic}
    uintx NonNMethodCodeHeapSize                   = 5836300                                {pd product} {ergonomic}
    uintx NonProfiledCodeHeapSize                  = 122910970                              {pd product} {ergonomic}
    uintx ProfiledCodeHeapSize                     = 122910970                              {pd product} {ergonomic}
    uintx ReservedCodeCacheSize                    = 251658240                              {pd product} {ergonomic}
     bool SegmentedCodeCache                       = true                                      {product} {ergonomic}
     bool UseCompressedClassPointers               = true                                 {lp64_product} {ergonomic}
     bool UseCompressedOops                        = true                                 {lp64_product} {ergonomic}
     bool UseG1GC                                  = true                                      {product} {ergonomic}

Logging:
Log output configuration:
 #0: stdout all=warning uptime,level,tags
 #1: stderr all=off uptime,level,tags

Environment Variables:
PATH=/usr/local/sbin:/usr/local/bin:/usr/sbin:/usr/bin:/sbin:/bin:/usr/games:/usr/local/games:/snap/bin
USERNAME=geile
SHELL=/bin/bash
DISPLAY=:1
LANG=pt_BR.UTF-8

Signal Handlers:
SIGSEGV: [libjvm.so+0xea2440], sa_mask[0]=11111111011111111101111111111110, sa_flags=SA_RESTART|SA_SIGINFO
SIGBUS: [libjvm.so+0xea2440], sa_mask[0]=11111111011111111101111111111110, sa_flags=SA_RESTART|SA_SIGINFO
SIGFPE: [libjvm.so+0xea2440], sa_mask[0]=11111111011111111101111111111110, sa_flags=SA_RESTART|SA_SIGINFO
SIGPIPE: [libjvm.so+0xbe6300], sa_mask[0]=11111111011111111101111111111110, sa_flags=SA_RESTART|SA_SIGINFO
SIGXFSZ: [libjvm.so+0xbe6300], sa_mask[0]=11111111011111111101111111111110, sa_flags=SA_RESTART|SA_SIGINFO
SIGILL: [libjvm.so+0xea2440], sa_mask[0]=11111111011111111101111111111110, sa_flags=SA_RESTART|SA_SIGINFO
SIGUSR2: [libjvm.so+0xbe61a0], sa_mask[0]=00100000000000000000000000000000, sa_flags=SA_RESTART|SA_SIGINFO
SIGHUP: [libjvm.so+0xbe6a00], sa_mask[0]=11111111011111111101111111111110, sa_flags=SA_RESTART|SA_SIGINFO
SIGINT: [libjvm.so+0xbe6a00], sa_mask[0]=11111111011111111101111111111110, sa_flags=SA_RESTART|SA_SIGINFO
SIGTERM: [libjvm.so+0xbe6a00], sa_mask[0]=11111111011111111101111111111110, sa_flags=SA_RESTART|SA_SIGINFO
SIGQUIT: [libjvm.so+0xbe6a00], sa_mask[0]=11111111011111111101111111111110, sa_flags=SA_RESTART|SA_SIGINFO


---------------  S Y S T E M  ---------------

OS:DISTRIB_ID=Pop
DISTRIB_RELEASE=22.04
DISTRIB_CODENAME=jammy
DISTRIB_DESCRIPTION="Pop!_OS 22.04 LTS"
uname:Linux 5.18.10-76051810-generic #202207071639~1659403207~22.04~cb5f582 SMP PREEMPT_DYNAMIC Tue A x86_64
OS uptime: 9 days 17:56 hours
libc:glibc 2.35 NPTL 2.35 
rlimit (soft/hard): STACK 8192k/infinity , CORE 0k/infinity , NPROC 30822/30822 , NOFILE 1048576/1048576 , AS infinity/infinity , CPU infinity/infinity , DATA infinity/infinity , FSIZE infinity/infinity , MEMLOCK 1001844k/1001844k
load average:0,40 0,41 0,52

/proc/meminfo:
MemTotal:        8014764 kB
MemFree:         2460216 kB
MemAvailable:    3218000 kB
Buffers:           46024 kB
Cached:          1355140 kB
SwapCached:        86056 kB
Active:           956912 kB
Inactive:        3840788 kB
Active(anon):     372860 kB
Inactive(anon):  3489336 kB
Active(file):     584052 kB
Inactive(file):   351452 kB
Unevictable:      350688 kB
Mlocked:             216 kB
SwapTotal:       4193784 kB
SwapFree:        3638928 kB
Dirty:               336 kB
Writeback:             4 kB
AnonPages:       3666272 kB
Mapped:           383880 kB
Shmem:            465864 kB
KReclaimable:     104272 kB
Slab:             223184 kB
SReclaimable:     104272 kB
SUnreclaim:       118912 kB
KernelStack:       22560 kB
PageTables:        41648 kB
NFS_Unstable:          0 kB
Bounce:                0 kB
WritebackTmp:          0 kB
CommitLimit:     8201164 kB
Committed_AS:   10600424 kB
VmallocTotal:   34359738367 kB
VmallocUsed:       48996 kB
VmallocChunk:          0 kB
Percpu:             8320 kB
HardwareCorrupted:     0 kB
AnonHugePages:         0 kB
ShmemHugePages:        0 kB
ShmemPmdMapped:        0 kB
FileHugePages:         0 kB
FilePmdMapped:         0 kB
HugePages_Total:       0
HugePages_Free:        0
HugePages_Rsvd:        0
HugePages_Surp:        0
Hugepagesize:       2048 kB
Hugetlb:               0 kB
DirectMap4k:      699644 kB
DirectMap2M:     7563264 kB
DirectMap1G:           0 kB

/sys/kernel/mm/transparent_hugepage/enabled:
always [madvise] never
/sys/kernel/mm/transparent_hugepage/defrag (defrag/compaction efforts parameter):
always defer defer+madvise [madvise] never

Process Memory:
Virtual Size: 4957548K (peak: 13438180K)
Resident Set Size: 42648K (peak: 50892K) (anon: 23296K, file: 19352K, shmem: 0K)
Swapped out: 0K
C-Heap outstanding allocations: 20877K, retained: 5194K
glibc malloc tunables: (default)

/proc/sys/kernel/threads-max (system-wide limit on the number of threads):
61644
/proc/sys/vm/max_map_count (maximum number of memory map areas a process may have):
65530
/proc/sys/kernel/pid_max (system-wide limit on number of process identifiers):
4194304

container (cgroup) information:
container_type: cgroupv2
cpu_cpuset_cpus: not supported
cpu_memory_nodes: not supported
active_processor_count: 8
cpu_quota: not supported
cpu_period: not supported
cpu_shares: not supported
memory_limit_in_bytes: unlimited
memory_and_swap_limit_in_bytes: unlimited
memory_soft_limit_in_bytes: unlimited
memory_usage_in_bytes: 2262450176
memory_max_usage_in_bytes: not supported

Steal ticks since vm start: 0
Steal ticks percentage since vm start:  0,000

CPU:total 8 (initial active 8) (4 cores per cpu, 2 threads per core) family 6 model 142 stepping 12 microcode 0xf0, cmov, cx8, fxsr, mmx, sse, sse2, sse3, ssse3, sse4.1, sse4.2, popcnt, avx, avx2, aes, clmul, erms, 3dnowpref, lzcnt, ht, tsc, tscinvbit, bmi1, bmi2, adx, fma
CPU Model and flags from /proc/cpuinfo:
model name	: Intel(R) Core(TM) i5-8265U CPU @ 1.60GHz
flags		: fpu vme de pse tsc msr pae mce cx8 apic sep mtrr pge mca cmov pat pse36 clflush dts acpi mmx fxsr sse sse2 ss ht tm pbe syscall nx pdpe1gb rdtscp lm constant_tsc art arch_perfmon pebs bts rep_good nopl xtopology nonstop_tsc cpuid aperfmperf pni pclmulqdq dtes64 monitor ds_cpl vmx est tm2 ssse3 sdbg fma cx16 xtpr pdcm pcid sse4_1 sse4_2 x2apic movbe popcnt tsc_deadline_timer aes xsave avx f16c rdrand lahf_lm abm 3dnowprefetch cpuid_fault epb invpcid_single ssbd ibrs ibpb stibp ibrs_enhanced tpr_shadow vnmi flexpriority ept vpid ept_ad fsgsbase tsc_adjust bmi1 avx2 smep bmi2 erms invpcid mpx rdseed adx smap clflushopt intel_pt xsaveopt xsavec xgetbv1 xsaves dtherm ida arat pln pts hwp hwp_notify hwp_act_window hwp_epp md_clear flush_l1d arch_capabilities
Online cpus:
0-7
Offline cpus:

BIOS frequency limitation:
<Not Available>
Frequency switch latency (ns):
0
Available cpu frequencies:
<Not Available>
Current governor:
powersave
Core performance/turbo boost:
<Not Available>

Memory: 4k page, physical 8014764k(2460216k free), swap 4193784k(3638928k free)

vm_info: OpenJDK 64-Bit Server VM (11.0.16+8-post-Ubuntu-0ubuntu122.04) for linux-amd64 JRE (11.0.16+8-post-Ubuntu-0ubuntu122.04), built on Jul 22 2022 09:14:39 by "unknown" with gcc 11.2.0

END.
